2019-03-15T15:58:34.806733Z 0 [Warning] [MY-010915] [Server] 'NO_ZERO_DATE', 'NO_ZERO_IN_DATE' and 'ERROR_FOR_DIVISION_BY_ZERO' sql modes should be used with strict mode. They will be merged with strict mode in a future release.
2019-03-15T15:58:34.810276Z 0 [System] [MY-010116] [Server] C:\Program Files\MySQL\MySQL Server 8.0\bin\mysqld.exe (mysqld 8.0.15) starting as process 10720
2019-03-15T15:58:38.075397Z 0 [Warning] [MY-010068] [Server] CA certificate ca.pem is self signed.
2019-03-15T15:58:38.238381Z 0 [System] [MY-010931] [Server] C:\Program Files\MySQL\MySQL Server 8.0\bin\mysqld.exe: ready for connections. Version: '8.0.15'  socket: ''  port: 3306  MySQL Community Server - GPL.
2019-03-15T15:58:38.405259Z 0 [System] [MY-011323] [Server] X Plugin ready for connections. Bind-address: '::' port: 33060
2019-03-17T13:54:57.215273Z 0 [Warning] [MY-010915] [Server] 'NO_ZERO_DATE', 'NO_ZERO_IN_DATE' and 'ERROR_FOR_DIVISION_BY_ZERO' sql modes should be used with strict mode. They will be merged with strict mode in a future release.
2019-03-17T13:54:57.224299Z 0 [System] [MY-010116] [Server] C:\Program Files\MySQL\MySQL Server 8.0\bin\mysqld.exe (mysqld 8.0.15) starting as process 5432
2019-03-17T13:55:07.479424Z 0 [System] [MY-010229] [Server] Starting crash recovery...
2019-03-17T13:55:07.503805Z 0 [System] [MY-010232] [Server] Crash recovery finished.
2019-03-17T13:55:08.623128Z 0 [Warning] [MY-010068] [Server] CA certificate ca.pem is self signed.
2019-03-17T13:55:08.679663Z 0 [System] [MY-010931] [Server] C:\Program Files\MySQL\MySQL Server 8.0\bin\mysqld.exe: ready for connections. Version: '8.0.15'  socket: ''  port: 3306  MySQL Community Server - GPL.
2019-03-17T13:55:08.914261Z 0 [System] [MY-011323] [Server] X Plugin ready for connections. Bind-address: '::' port: 33060
2019-03-20T15:42:24.051586Z 0 [System] [MY-013105] [Server] C:\Program Files\MySQL\MySQL Server 8.0\bin\mysqld.exe: Normal shutdown.
2019-03-20T15:42:25.602392Z 0 [System] [MY-010910] [Server] C:\Program Files\MySQL\MySQL Server 8.0\bin\mysqld.exe: Shutdown complete (mysqld 8.0.15)  MySQL Community Server - GPL.
2019-03-20T23:34:17.757473Z 0 [Warning] [MY-010915] [Server] 'NO_ZERO_DATE', 'NO_ZERO_IN_DATE' and 'ERROR_FOR_DIVISION_BY_ZERO' sql modes should be used with strict mode. They will be merged with strict mode in a future release.
2019-03-20T23:34:17.763476Z 0 [System] [MY-010116] [Server] C:\Program Files\MySQL\MySQL Server 8.0\bin\mysqld.exe (mysqld 8.0.15) starting as process 8600
2019-03-20T23:34:25.205504Z 0 [Warning] [MY-010068] [Server] CA certificate ca.pem is self signed.
2019-03-20T23:34:25.363237Z 0 [System] [MY-010931] [Server] C:\Program Files\MySQL\MySQL Server 8.0\bin\mysqld.exe: ready for connections. Version: '8.0.15'  socket: ''  port: 3306  MySQL Community Server - GPL.
2019-03-20T23:34:25.431213Z 0 [System] [MY-011323] [Server] X Plugin ready for connections. Bind-address: '::' port: 33060
2019-03-23T10:09:14.902393Z 63 [System] [MY-013172] [Server] Received SHUTDOWN from user root. Shutting down mysqld (Version: 8.0.15).
2019-03-23T10:09:14.912026Z 0 [System] [MY-013105] [Server] C:\Program Files\MySQL\MySQL Server 8.0\bin\mysqld.exe: Normal shutdown.
2019-03-23T10:09:16.917849Z 0 [Warning] [MY-010909] [Server] C:\Program Files\MySQL\MySQL Server 8.0\bin\mysqld.exe: Forcing close of thread 8  user: 'root'.
2019-03-23T10:09:16.923106Z 0 [Warning] [MY-010909] [Server] C:\Program Files\MySQL\MySQL Server 8.0\bin\mysqld.exe: Forcing close of thread 24  user: 'root'.
2019-03-23T10:09:16.928277Z 0 [Warning] [MY-010909] [Server] C:\Program Files\MySQL\MySQL Server 8.0\bin\mysqld.exe: Forcing close of thread 9  user: 'root'.
2019-03-23T10:09:16.934453Z 0 [Warning] [MY-010909] [Server] C:\Program Files\MySQL\MySQL Server 8.0\bin\mysqld.exe: Forcing close of thread 25  user: 'root'.
2019-03-23T10:09:18.404329Z 0 [System] [MY-010910] [Server] C:\Program Files\MySQL\MySQL Server 8.0\bin\mysqld.exe: Shutdown complete (mysqld 8.0.15)  MySQL Community Server - GPL.
